2021-05-04 09:53:59.105 [restartedMain] WARN  org.mybatis.spring.mapper.ClassPathMapperScanner - No MyBatis mapper was found in '[com.wenhao.serviceedu.mappper]' package. Please check your configuration.
2021-05-04 10:02:24.446 [restartedMain] WARN  org.mybatis.spring.mapper.ClassPathMapperScanner - No MyBatis mapper was found in '[com.wenhao.serviceedu.mappper]' package. Please check your configuration.
2021-05-04 10:18:23.933 [restartedMain] WARN  org.mybatis.spring.mapper.ClassPathMapperScanner - No MyBatis mapper was found in '[com.wenhao.serviceedu.mappper]' package. Please check your configuration.
2021-05-04 10:18:27.217 [restartedMain] WARN  o.s.b.w.s.c.AnnotationConfigServletWebServerApplicationContext - Exception encountered during context initialization - cancelling refresh attempt: org.springframework.beans.factory.UnsatisfiedDependencyException: Error creating bean with name 'documentationPluginsBootstrapper' defined in URL [jar:file:/D:/server/maven/repository/io/springfox/springfox-spring-web/2.7.0/springfox-spring-web-2.7.0.jar!/springfox/documentation/spring/web/plugins/DocumentationPluginsBootstrapper.class]: Unsatisfied dependency expressed through constructor parameter 1; nested exception is org.springframework.beans.factory.UnsatisfiedDependencyException: Error creating bean with name 'webMvcRequestHandlerProvider' defined in URL [jar:file:/D:/server/maven/repository/io/springfox/springfox-spring-web/2.7.0/springfox-spring-web-2.7.0.jar!/springfox/documentation/spring/web/plugins/WebMvcRequestHandlerProvider.class]: Unsatisfied dependency expressed through constructor parameter 0; nested exception is org.springframework.beans.factory.BeanCreationException: Error creating bean with name 'requestMappingHandlerMapping' defined in class path resource [org/springframework/boot/autoconfigure/web/servlet/WebMvcAutoConfiguration$EnableWebMvcConfiguration.class]: Invocation of init method failed; nested exception is java.lang.IllegalStateException: Ambiguous mapping. Cannot map 'videoController' method 
com.wenhao.serviceedu.controller.VideoController#getChapterById(String)
to {DELETE [/serviceedu/video/{id}]}: There is already 'videoController' bean method
com.wenhao.serviceedu.controller.VideoController#removeChapter(String) mapped.
2021-05-04 10:21:34.048 [restartedMain] WARN  org.mybatis.spring.mapper.ClassPathMapperScanner - No MyBatis mapper was found in '[com.wenhao.serviceedu.mappper]' package. Please check your configuration.
2021-05-04 10:46:38.249 [http-nio-8001-exec-7] WARN  o.s.w.s.m.support.DefaultHandlerExceptionResolver - Resolved [org.springframework.web.method.annotation.MethodArgumentTypeMismatchException: Failed to convert value of type 'java.lang.String' to required type 'java.lang.Long'; nested exception is java.lang.NumberFormatException: For input string: "getPublishCourseInfo"]
2021-05-04 11:17:21.136 [restartedMain] WARN  org.mybatis.spring.mapper.ClassPathMapperScanner - No MyBatis mapper was found in '[com.wenhao.serviceedu.mappper]' package. Please check your configuration.
2021-05-04 11:24:18.504 [restartedMain] WARN  org.mybatis.spring.mapper.ClassPathMapperScanner - No MyBatis mapper was found in '[com.wenhao.serviceedu.mappper]' package. Please check your configuration.
2021-05-04 11:24:52.999 [http-nio-8001-exec-8] WARN  o.s.w.s.m.support.DefaultHandlerExceptionResolver - Resolved [org.springframework.web.method.annotation.MethodArgumentTypeMismatchException: Failed to convert value of type 'java.lang.String' to required type 'java.lang.Long'; nested exception is java.lang.NumberFormatException: For input string: "getPublishCourseInfo"]
2021-05-04 11:25:01.905 [http-nio-8001-exec-4] WARN  o.s.w.s.m.support.DefaultHandlerExceptionResolver - Resolved [org.springframework.web.method.annotation.MethodArgumentTypeMismatchException: Failed to convert value of type 'java.lang.String' to required type 'java.lang.Long'; nested exception is java.lang.NumberFormatException: For input string: "getPublishCourseInfo"]
2021-05-04 11:33:39.796 [restartedMain] WARN  org.mybatis.spring.mapper.ClassPathMapperScanner - No MyBatis mapper was found in '[com.wenhao.serviceedu.mappper]' package. Please check your configuration.
2021-05-04 11:36:35.347 [http-nio-8001-exec-2] WARN  o.s.w.s.m.m.a.ExceptionHandlerExceptionResolver - Resolved [MyException{code=20001, msg='数据不存在!'}]
2021-05-04 11:37:55.347 [restartedMain] WARN  org.mybatis.spring.mapper.ClassPathMapperScanner - No MyBatis mapper was found in '[com.wenhao.serviceedu.mappper]' package. Please check your configuration.
2021-05-04 11:45:47.127 [restartedMain] WARN  org.mybatis.spring.mapper.ClassPathMapperScanner - No MyBatis mapper was found in '[com.wenhao.serviceedu.mappper]' package. Please check your configuration.
2021-05-04 11:57:37.591 [restartedMain] WARN  org.mybatis.spring.mapper.ClassPathMapperScanner - No MyBatis mapper was found in '[com.wenhao.serviceedu.mappper]' package. Please check your configuration.
2021-05-04 12:03:34.265 [restartedMain] WARN  org.mybatis.spring.mapper.ClassPathMapperScanner - No MyBatis mapper was found in '[com.wenhao.serviceedu.mappper]' package. Please check your configuration.
2021-05-04 13:26:12.768 [restartedMain] WARN  org.mybatis.spring.mapper.ClassPathMapperScanner - No MyBatis mapper was found in '[com.wenhao.serviceedu.mappper]' package. Please check your configuration.
2021-05-04 13:27:57.384 [http-nio-8001-exec-10] WARN  o.s.w.s.m.support.DefaultHandlerExceptionResolver - Resolved [org.springframework.web.method.annotation.MethodArgumentTypeMismatchException: Failed to convert value of type 'java.lang.String' to required type 'java.lang.Long'; nested exception is java.lang.NumberFormatException: For input string: "undefined"]
2021-05-04 13:28:23.664 [http-nio-8001-exec-5] WARN  o.s.w.s.m.support.DefaultHandlerExceptionResolver - Resolved [org.springframework.web.method.annotation.MethodArgumentTypeMismatchException: Failed to convert value of type 'java.lang.String' to required type 'java.lang.Long'; nested exception is java.lang.NumberFormatException: For input string: "undefined"]
2021-05-04 13:30:54.727 [http-nio-8001-exec-3] WARN  o.s.w.s.m.support.DefaultHandlerExceptionResolver - Resolved [org.springframework.web.method.annotation.MethodArgumentTypeMismatchException: Failed to convert value of type 'java.lang.String' to required type 'java.lang.Long'; nested exception is java.lang.NumberFormatException: For input string: "undefined"]
2021-05-04 13:31:07.135 [http-nio-8001-exec-10] WARN  o.s.w.s.m.support.DefaultHandlerExceptionResolver - Resolved [org.springframework.web.method.annotation.MethodArgumentTypeMismatchException: Failed to convert value of type 'java.lang.String' to required type 'java.lang.Long'; nested exception is java.lang.NumberFormatException: For input string: "undefined"]
2021-05-04 19:32:36.258 [restartedMain] WARN  org.mybatis.spring.mapper.ClassPathMapperScanner - No MyBatis mapper was found in '[com.wenhao.serviceedu.mappper]' package. Please check your configuration.
2021-05-04 19:34:18.232 [http-nio-8001-exec-1] WARN  o.s.w.s.m.support.DefaultHandlerExceptionResolver - Resolved [org.springframework.web.HttpRequestMethodNotSupportedException: Request method 'GET' not supported]
2021-05-04 19:34:18.232 [http-nio-8001-exec-4] WARN  o.s.w.s.m.support.DefaultHandlerExceptionResolver - Resolved [org.springframework.web.HttpRequestMethodNotSupportedException: Request method 'GET' not supported]
2021-05-04 19:34:45.264 [http-nio-8001-exec-2] WARN  o.s.w.s.m.support.DefaultHandlerExceptionResolver - Resolved [org.springframework.web.HttpRequestMethodNotSupportedException: Request method 'GET' not supported]
2021-05-04 19:34:45.264 [http-nio-8001-exec-10] WARN  o.s.w.s.m.support.DefaultHandlerExceptionResolver - Resolved [org.springframework.web.HttpRequestMethodNotSupportedException: Request method 'GET' not supported]
2021-05-04 19:40:41.524 [restartedMain] WARN  org.mybatis.spring.mapper.ClassPathMapperScanner - No MyBatis mapper was found in '[com.wenhao.serviceedu.mappper]' package. Please check your configuration.
2021-05-04 19:41:36.097 [restartedMain] WARN  org.mybatis.spring.mapper.ClassPathMapperScanner - No MyBatis mapper was found in '[com.wenhao.serviceedu.mappper]' package. Please check your configuration.
2021-05-04 23:53:48.510 [http-nio-8003-exec-9] WARN  com.wenhao.vod.service.impl.VideoServiceImpl - 阿里云上传错误：code：MissingAccessKeyId, message：AccessKeyId is mandatory for this action.
2021-05-04 23:53:48.520 [http-nio-8003-exec-9] WARN  o.s.w.s.m.m.a.ExceptionHandlerExceptionResolver - Resolved [MyException{code=20001, msg='阿里云上传错误：code：MissingAccessKeyId, message：AccessKeyId is mandatory for this action.'}]
2021-05-04 23:55:12.197 [http-nio-8003-exec-3] WARN  com.wenhao.vod.service.impl.VideoServiceImpl - 阿里云上传错误：code：MissingAccessKeyId, message：AccessKeyId is mandatory for this action.
2021-05-04 23:55:12.200 [http-nio-8003-exec-3] WARN  o.s.w.s.m.m.a.ExceptionHandlerExceptionResolver - Resolved [MyException{code=20001, msg='阿里云上传错误：code：MissingAccessKeyId, message：AccessKeyId is mandatory for this action.'}]
2021-05-04 23:57:23.135 [http-nio-8003-exec-1] WARN  com.wenhao.vod.service.impl.VideoServiceImpl - 阿里云上传错误：code：MissingAccessKeyId, message：AccessKeyId is mandatory for this action.
2021-05-04 23:57:23.186 [http-nio-8003-exec-1] WARN  o.s.w.s.m.m.a.ExceptionHandlerExceptionResolver - Resolved [MyException{code=20001, msg='阿里云上传错误：code：MissingAccessKeyId, message：AccessKeyId is mandatory for this action.'}]
2021-05-04 23:58:54.771 [http-nio-8003-exec-6] WARN  com.wenhao.vod.service.impl.VideoServiceImpl - 阿里云上传错误：code：InvalidFileName.Extension, message：The specified FileName's extension is illegal.
2021-05-04 23:58:54.779 [http-nio-8003-exec-6] WARN  o.s.w.s.m.m.a.ExceptionHandlerExceptionResolver - Resolved [MyException{code=20001, msg='阿里云上传错误：code：InvalidFileName.Extension, message：The specified FileName's extension is illegal.'}]
